2023-04-03 01:23:22.735390 - Initialized conversion of CBT612
2023-04-03 01:23:23.194937 - Received CBT.V504.FILE612.PDS from FILE612.XMI 
2023-04-03 01:23:23.197557 - Found $$$#DATE.txt (text/plain) in CBT.V504.FILE612.PDS, moved to PDS/$$$#DATE
2023-04-03 01:23:23.198595 - Found $$NOTE01.txt (text/plain) in CBT.V504.FILE612.PDS, moved to PDS/$$NOTE01
2023-04-03 01:23:23.199674 - Found $$NOTE02.txt (text/plain) in CBT.V504.FILE612.PDS, moved to PDS/$$NOTE02
2023-04-03 01:23:23.200900 - Found $$NOTE03.txt (text/plain) in CBT.V504.FILE612.PDS, moved to PDS/$$NOTE03
2023-04-03 01:23:23.201902 - Found @FILE612.txt (text/plain) in CBT.V504.FILE612.PDS, moved to PDS/@FILE612
2023-04-03 01:23:23.202943 - Found ALOCLPA.rexx (text/plain) in CBT.V504.FILE612.PDS, moved to PDS/ALOCLPA
2023-04-03 01:23:23.204047 - Found ASSEMBLE.jcl (text/plain) in CBT.V504.FILE612.PDS, moved to PDS/ASSEMBLE
2023-04-03 01:23:23.205117 - Found AVAILAS.rexx (text/plain) in CBT.V504.FILE612.PDS, moved to PDS/AVAILAS
2023-04-03 01:23:23.206213 - Found BLOCATE.txt (text/plain) in CBT.V504.FILE612.PDS, moved to PDS/BLOCATE
2023-04-03 01:23:23.207400 - Found CATNEWDS.txt (text/plain) in CBT.V504.FILE612.PDS, moved to PDS/CATNEWDS
2023-04-03 01:23:23.208638 - Found CHKMEM.rexx (text/plain) in CBT.V504.FILE612.PDS, moved to PDS/CHKMEM
2023-04-03 01:23:23.209822 - Found DSPACE.txt (text/plain) in CBT.V504.FILE612.PDS, moved to PDS/DSPACE
2023-04-03 01:23:23.211168 - Found DUDASD.txt (text/plain) in CBT.V504.FILE612.PDS, moved to PDS/DUDASD
2023-04-03 01:23:23.212301 - Found DUDASD$.jcl (text/plain) in CBT.V504.FILE612.PDS, moved to PDS/DUDASD$
2023-04-03 01:23:23.213367 - Found DUDASD01.txt (text/plain) in CBT.V504.FILE612.PDS, moved to PDS/DUDASD01
2023-04-03 01:23:23.214367 - Found HDSPACE.txt (text/plain) in CBT.V504.FILE612.PDS, moved to PDS/HDSPACE
2023-04-03 01:23:23.215551 - Found HDUDASD.txt (text/plain) in CBT.V504.FILE612.PDS, moved to PDS/HDUDASD
2023-04-03 01:23:23.216951 - Found HFINDCMD.txt (text/plain) in CBT.V504.FILE612.PDS, moved to PDS/HFINDCMD
2023-04-03 01:23:23.218321 - Found HFINDPRG.txt (text/plain) in CBT.V504.FILE612.PDS, moved to PDS/HFINDPRG
2023-04-03 01:23:23.219614 - Found HLOCATE.txt (text/plain) in CBT.V504.FILE612.PDS, moved to PDS/HLOCATE
2023-04-03 01:23:23.221188 - Found ISPFST.rexx (text/plain) in CBT.V504.FILE612.PDS, moved to PDS/ISPFST
2023-04-03 01:23:23.222813 - Found JBLOCATE.jcl (text/plain) in CBT.V504.FILE612.PDS, moved to PDS/JBLOCATE
2023-04-03 01:23:23.224456 - Found JCATNEWD.jcl (text/plain) in CBT.V504.FILE612.PDS, moved to PDS/JCATNEWD
2023-04-03 01:23:23.225780 - Found JCL1.jcl (text/plain) in CBT.V504.FILE612.PDS, moved to PDS/JCL1
2023-04-03 01:23:23.226916 - Found JCL2.jcl (text/plain) in CBT.V504.FILE612.PDS, moved to PDS/JCL2
2023-04-03 01:23:23.228016 - Found JCL3.jcl (text/plain) in CBT.V504.FILE612.PDS, moved to PDS/JCL3
2023-04-03 01:23:23.229022 - Found JDATE.rexx (text/plain) in CBT.V504.FILE612.PDS, moved to PDS/JDATE
2023-04-03 01:23:23.230009 - Found JDSPACE.jcl (text/plain) in CBT.V504.FILE612.PDS, moved to PDS/JDSPACE
2023-04-03 01:23:23.231030 - Found JLISTPDS.jcl (text/plain) in CBT.V504.FILE612.PDS, moved to PDS/JLISTPDS
2023-04-03 01:23:23.232178 - Found JSHOWPPT.jcl (text/plain) in CBT.V504.FILE612.PDS, moved to PDS/JSHOWPPT
2023-04-03 01:23:23.233194 - Found JSRCHLOG.jcl (text/plain) in CBT.V504.FILE612.PDS, moved to PDS/JSRCHLOG
2023-04-03 01:23:23.234209 - Found JSYSINCD.jcl (text/plain) in CBT.V504.FILE612.PDS, moved to PDS/JSYSINCD
2023-04-03 01:23:23.235349 - Found LISTPDS.txt (text/plain) in CBT.V504.FILE612.PDS, moved to PDS/LISTPDS
2023-04-03 01:23:23.354167 - Found LOAD.xmi (application/xmit) in CBT.V504.FILE612.PDS
2023-04-03 01:23:23.400320   - Received RECFM=U data, stored XMIT file as CBT612/LOAD.xmi
2023-04-03 01:23:23.401389 - Found LOAD$.jcl (text/plain) in CBT.V504.FILE612.PDS, moved to PDS/LOAD$
2023-04-03 01:23:23.402570 - Found LOCATE.txt (text/plain) in CBT.V504.FILE612.PDS, moved to PDS/LOCATE
2023-04-03 01:23:23.403716 - Found LOCATE$.jcl (text/plain) in CBT.V504.FILE612.PDS, moved to PDS/LOCATE$
2023-04-03 01:23:23.404780 - Found LOCATEO.txt (text/plain) in CBT.V504.FILE612.PDS, moved to PDS/LOCATEO
2023-04-03 01:23:23.405765 - Found LPALIB.txt (text/plain) in CBT.V504.FILE612.PDS, moved to PDS/LPALIB
2023-04-03 01:23:23.406749 - Found OLDMACS.txt (text/plain) in CBT.V504.FILE612.PDS, moved to PDS/OLDMACS
2023-04-03 01:23:23.407831 - Found QIODF.rexx (text/plain) in CBT.V504.FILE612.PDS, moved to PDS/QIODF
2023-04-03 01:23:23.409064 - Found REGSIZE.rexx (text/plain) in CBT.V504.FILE612.PDS, moved to PDS/REGSIZE
2023-04-03 01:23:23.410269 - Found SHOWPPT.txt (text/plain) in CBT.V504.FILE612.PDS, moved to PDS/SHOWPPT
2023-04-03 01:23:23.411348 - Found SHOWPPT$.jcl (text/plain) in CBT.V504.FILE612.PDS, moved to PDS/SHOWPPT$
2023-04-03 01:23:23.412370 - Found SRCHLOG.txt (text/plain) in CBT.V504.FILE612.PDS, moved to PDS/SRCHLOG
2023-04-03 01:23:23.413765 - Found SRCHLOG@.txt (text/plain) in CBT.V504.FILE612.PDS, moved to PDS/SRCHLOG@
2023-04-03 01:23:23.415144 - Found SRCHLOGF.txt (text/plain) in CBT.V504.FILE612.PDS, moved to PDS/SRCHLOGF
2023-04-03 01:23:23.416287 - Found SVCNO.rexx (text/plain) in CBT.V504.FILE612.PDS, moved to PDS/SVCNO
2023-04-03 01:23:23.417576 - Found SVCUPDTE.rexx (text/plain) in CBT.V504.FILE612.PDS, moved to PDS/SVCUPDTE
2023-04-03 01:23:23.418582 - Found SYSINCRD.txt (text/plain) in CBT.V504.FILE612.PDS, moved to PDS/SYSINCRD
2023-04-03 01:23:23.419677 - Found TRAP.txt (text/plain) in CBT.V504.FILE612.PDS, moved to PDS/TRAP
2023-04-03 01:23:23.420857 - Found VIEWPARM.rexx (text/plain) in CBT.V504.FILE612.PDS, moved to PDS/VIEWPARM
